<?xml version="1.0" encoding="UTF-8"?>
<testng-results ignored="0" total="1" passed="1" failed="0" skipped="0">
  <reporter-output>
  </reporter-output>
  <suite started-at="2024-03-09T19:57:38 IST" name="Default suite" finished-at="2024-03-09T19:57:58 IST" duration-ms="19734">
    <groups>
    </groups>
    <test started-at="2024-03-09T19:57:38 IST" name="Default test" finished-at="2024-03-09T19:57:58 IST" duration-ms="19734">
      <class name="Scenario">
        <test-method is-config="true" signature="setup()[pri:0, instance:Scenario@173ed316]" started-at="2024-03-09T19:57:38 IST" name="setup" finished-at="2024-03-09T19:57:42 IST" duration-ms="3888" status="PASS">
          <reporter-output>
          </reporter-output>
        </test-method> <!-- setup -->
        <test-method signature="flipkart()[pri:0, instance:Scenario@173ed316]" started-at="2024-03-09T19:57:42 IST" name="flipkart" finished-at="2024-03-09T19:57:57 IST" duration-ms="15355" status="PASS">
          <reporter-output>
          </reporter-output>
        </test-method> <!-- flipkart -->
        <test-method is-config="true" signature="tearDown()[pri:0, instance:Scenario@173ed316]" started-at="2024-03-09T19:57:57 IST" name="tearDown" finished-at="2024-03-09T19:57:58 IST" duration-ms="373" status="PASS">
          <reporter-output>
          </reporter-output>
        </test-method> <!-- tearDown -->
      </class> <!-- Scenario -->
    </test> <!-- Default test -->
  </suite> <!-- Default suite -->
</testng-results>
